Starting "SYSTEM"."EXP_SD_1164-11_45_18":  
Processing object type SCHEMA_EXPORT/TABLE/TABLE_DATA
.  estimated "SYSTEM"."IMP_SD_922-07_59_51"              306.6 KB
.  estimated "SYSTEM"."EXP_SD_802"                       294.9 KB
.  estimated "SYSTEM"."CUSTOMERS"                        6.330 KB
.  estimated "SYSTEM"."ORDERS"                           6.266 KB
Processing object type SCHEMA_EXPORT/TABLE/INDEX/STATISTICS/INDEX_STATISTICS
Processing object type SCHEMA_EXPORT/TABLE/STATISTICS/TABLE_STATISTICS
Processing object type SCHEMA_EXPORT/STATISTICS/MARKER
Processing object type SCHEMA_EXPORT/DEFAULT_ROLE
Processing object type SCHEMA_EXPORT/PRE_SCHEMA/PROCACT_SCHEMA
Processing object type SCHEMA_EXPORT/TABLE/TABLE
Processing object type SCHEMA_EXPORT/TABLE/COMMENT
Processing object type SCHEMA_EXPORT/VIEW/VIEW
Processing object type SCHEMA_EXPORT/VIEW/GRANT/OWNER_GRANT/OBJECT_GRANT
Processing object type SCHEMA_EXPORT/TABLE/INDEX/INDEX
Processing object type SCHEMA_EXPORT/TABLE/CONSTRAINT/CONSTRAINT
Processing object type SCHEMA_EXPORT/TABLE/CONSTRAINT/REF_CONSTRAINT
. . exported "SYSTEM"."IMP_SD_922-07_59_51"              48.28 KB    1666 rows
. . exported "SYSTEM"."EXP_SD_802"                       46.74 KB    1622 rows
. . exported "SYSTEM"."CUSTOMERS"                        5.148 KB       6 rows
. . exported "SYSTEM"."ORDERS"                           5.101 KB       5 rows
Master table "SYSTEM"."EXP_SD_1164-11_45_18" successfully loaded/unloaded
******************************************************************************
Dump file set for SYSTEM.EXP_SD_1164-11_45_18 is:
  G:\BSCCSIT\SEM7\DBA\DBABACKUP\EXPDAT01-11_49_04.DMP
Job "SYSTEM"."EXP_SD_1164-11_45_18" successfully completed at Sun Dec 12 11:51:53 2021 elapsed 0 00:02:54
